<?xml version="1.0" encoding="UTF-8"?>
<testsuites tests="2" failures="0" disabled="0" errors="0" time="0." timestamp="2026-01-22T23:39:42.409" name="AllTests">
  <testsuite name="SerializationTest" tests="2" failures="0" disabled="0" skipped="0" errors="0" time="0." timestamp="2026-01-22T23:39:42.409">
    <testcase name="SerializeDeserializeInt16" file="/Users/vzein/Projects/some-ip/tests/test_serialization.cpp" line="305" status="run" result="completed" time="0." timestamp="2026-01-22T23:39:42.409" classname="SerializationTest" />
    <testcase name="VerifyBigEndianNegativeInt16" file="/Users/vzein/Projects/some-ip/tests/test_serialization.cpp" line="693" status="run" result="completed" time="0." timestamp="2026-01-22T23:39:42.410" classname="SerializationTest" />
  </testsuite>
</testsuites>
