<?xml version="1.0" encoding="UTF-8"?>
<testsuites tests="6" failures="0" disabled="0" errors="0" time="0." timestamp="2026-01-22T23:41:27.425" name="AllTests">
  <testsuite name="TpTest" tests="6" failures="0" disabled="0" skipped="0" errors="0" time="0." timestamp="2026-01-22T23:41:27.425">
    <testcase name="SingleSegmentMessage" file="/Users/vzein/Projects/some-ip/tests/test_tp.cpp" line="59" status="run" result="completed" time="0." timestamp="2026-01-22T23:41:27.425" classname="TpTest" />
    <testcase name="MultiSegmentMessage" file="/Users/vzein/Projects/some-ip/tests/test_tp.cpp" line="95" status="run" result="completed" time="0." timestamp="2026-01-22T23:41:27.425" classname="TpTest" />
    <testcase name="InvalidSegmentHandling" file="/Users/vzein/Projects/some-ip/tests/test_tp.cpp" line="231" status="run" result="completed" time="0." timestamp="2026-01-22T23:41:27.425" classname="TpTest" />
    <testcase name="MaximumSegmentSize" file="/Users/vzein/Projects/some-ip/tests/test_tp.cpp" line="283" status="run" result="completed" time="0." timestamp="2026-01-22T23:41:27.425" classname="TpTest" />
    <testcase name="SegmentAlignment" file="/Users/vzein/Projects/some-ip/tests/test_tp.cpp" line="307" status="run" result="completed" time="0." timestamp="2026-01-22T23:41:27.425" classname="TpTest" />
    <testcase name="TpMoreSegmentsFlag" file="/Users/vzein/Projects/some-ip/tests/test_tp.cpp" line="494" status="run" result="completed" time="0." timestamp="2026-01-22T23:41:27.425" classname="TpTest" />
  </testsuite>
</testsuites>
