<?xml version="1.0" encoding="UTF-8"?>
<testsuites tests="1" failures="0" disabled="0" errors="0" time="0." timestamp="2026-01-22T23:00:45.403" name="AllTests">
  <testsuite name="TpTest" tests="1" failures="0" disabled="0" skipped="0" errors="0" time="0." timestamp="2026-01-22T23:00:45.403">
    <testcase name="MultiSegmentMessage" file="/Users/vzein/Projects/some-ip/tests/test_tp.cpp" line="95" status="run" result="completed" time="0." timestamp="2026-01-22T23:00:45.403" classname="TpTest" />
  </testsuite>
</testsuites>
